<?xml version="1.0" encoding="UTF-8"?>
<testsuite xmlns:xsi="http://www.w3.org/2001/XMLSchema-instance" xsi:noNamespaceSchemaLocation="https://maven.apache.org/surefire/maven-surefire-plugin/xsd/surefire-test-report.xsd" version="3.0.2" name="com.microlearning.todo.TodoServiceUnitTest" time="0.356" tests="4" errors="0" skipped="0" failures="0">
  <properties>
[...]
</properties>
  <testcase name="getTodoById_returnsLocalData_noUserServiceCall" classname="com.microlearning.todo.TodoServiceUnitTest" time="0.334"/>
  <testcase name="getTodoById_notFound_throwsException" classname="com.microlearning.todo.TodoServiceUnitTest" time="0.004"/>
  <testcase name="createTodo_userNotFound_throwsException" classname="com.microlearning.todo.TodoServiceUnitTest" time="0.011"/>
  <testcase name="createTodo_storesUserNameSnapshot" classname="com.microlearning.todo.TodoServiceUnitTest" time="0.003">
    <system-out><![CDATA[2026-07-01T02:45:48.938+05:30  INFO 22876 --- [           main] [                                                 ] com.microlearning.todo.api.TodoService   : [todo-service] Created todo id=10 for userId=1
]]></system-out>
  </testcase>
</testsuite>