<?xml version="1.0" encoding="UTF-8"?>
<testsuite xmlns:xsi="http://www.w3.org/2001/XMLSchema-instance" xsi:noNamespaceSchemaLocation="https://maven.apache.org/surefire/maven-surefire-plugin/xsd/surefire-test-report.xsd" version="3.0.2" name="com.microlearning.todo.TodoServiceIntegrationTest" time="12.063" tests="3" errors="0" skipped="0" failures="0">
  <properties>
[...]
</properties>
  <testcase name="completeTodo" classname="com.microlearning.todo.TodoServiceIntegrationTest" time="0.794">
    <system-out><![CDATA[23:42:43.405 [main] INFO org.springframework.test.context.support.AnnotationConfigContextLoaderUtils -- Could not detect default configuration classes for test class [com.microlearning.todo.TodoServiceIntegrationTest]: TodoServiceIntegrationTest does not declare any static, non-private, non-final, nested classes annotated with @Configuration.
23:42:43.611 [main] INFO org.springframework.boot.test.context.SpringBootTestContextBootstrapper -- Found @SpringBootConfiguration com.microlearning.todo.TodoServiceApplication for test class com.microlearning.todo.TodoServiceIntegrationTest

  .   ____          _            __ _ _
 /\\ / ___'_ __ _ _(_)_ __  __ _ \ \ \ \
( ( )\___ | '_ | '_| | '_ \/ _` | \ \ \ \
 \\/  ___)| |_)| | | | | || (_| |  ) ) ) )
  '  |____| .__|_| |_|_| |_\__, | / / / /
 =========|_|==============|___/=/_/_/_/

 :: Spring Boot ::                (v3.4.5)

2026-06-30T23:42:44.552+05:30  INFO 25432 --- [todo-service] [           main] c.m.todo.TodoServiceIntegrationTest      : Starting TodoServiceIntegrationTest using Java 25.0.3 with PID 25432 (started by ShrikantThakre in C:\Users\ShrikantThakre\Desktop\Microservices\todo-service)
2026-06-30T23:42:44.553+05:30 DEBUG 25432 --- [todo-service] [           main] c.m.todo.TodoServiceIntegrationTest      : Running with Spring Boot v3.4.5, Spring v6.2.6
2026-06-30T23:42:44.554+05:30  INFO 25432 --- [todo-service] [           main] c.m.todo.TodoServiceIntegrationTest      : No active profile set, falling back to 1 default profile: "default"
2026-06-30T23:42:45.877+05:30  INFO 25432 --- [todo-service] [           main] .s.d.r.c.RepositoryConfigurationDelegate : Bootstrapping Spring Data JPA repositories in DEFAULT mode.
2026-06-30T23:42:45.982+05:30  INFO 25432 --- [todo-service] [           main] .s.d.r.c.RepositoryConfigurationDelegate : Finished Spring Data repository scanning in 82 ms. Found 1 JPA repository interface.
2026-06-30T23:42:46.209+05:30  INFO 25432 --- [todo-service] [           main] o.s.cloud.context.scope.GenericScope     : BeanFactory id=04e38329-20a1-3f91-af4f-f9c516891993
2026-06-30T23:42:48.130+05:30  INFO 25432 --- [todo-service] [           main] o.hibernate.jpa.internal.util.LogHelper  : HHH000204: Processing PersistenceUnitInfo [name: default]
2026-06-30T23:42:48.224+05:30  INFO 25432 --- [todo-service] [           main] org.hibernate.Version                    : HHH000412: Hibernate ORM core version 6.6.13.Final
2026-06-30T23:42:48.282+05:30  INFO 25432 --- [todo-service] [           main] o.h.c.internal.RegionFactoryInitiator    : HHH000026: Second-level cache disabled
2026-06-30T23:42:48.475+05:30  INFO 25432 --- [todo-service] [           main] o.s.o.j.p.SpringPersistenceUnitInfo      : No LoadTimeWeaver setup: ignoring JPA class transformer
2026-06-30T23:42:48.529+05:30  INFO 25432 --- [todo-service] [           main] com.zaxxer.hikari.HikariDataSource       : HikariPool-1 - Starting...
2026-06-30T23:42:48.785+05:30  INFO 25432 --- [todo-service] [           main] com.zaxxer.hikari.pool.HikariPool        : HikariPool-1 - Added connection conn0: url=jdbc:h2:mem:todosdb user=SA
2026-06-30T23:42:48.788+05:30  INFO 25432 --- [todo-service] [           main] com.zaxxer.hikari.HikariDataSource       : HikariPool-1 - Start completed.
2026-06-30T23:42:48.822+05:30  WARN 25432 --- [todo-service] [           main] org.hibernate.orm.deprecation            : HHH90000025: H2Dialect does not need to be specified explicitly using 'hibernate.dialect' (remove the property setting and it will be selected by default)
2026-06-30T23:42:48.842+05:30  INFO 25432 --- [todo-service] [           main] org.hibernate.orm.connections.pooling    : HHH10001005: Database info:
	Database JDBC URL [Connecting through datasource 'HikariDataSource (HikariPool-1)']
	Database driver: undefined/unknown
	Database version: 2.3.232
	Autocommit mode: undefined/unknown
	Isolation level: undefined/unknown
	Minimum pool size: undefined/unknown
	Maximum pool size: undefined/unknown
2026-06-30T23:42:50.031+05:30  INFO 25432 --- [todo-service] [           main] o.h.e.t.j.p.i.JtaPlatformInitiator       : HHH000489: No JTA platform available (set 'hibernate.transaction.jta.platform' to enable JTA platform integration)
Hibernate: drop table if exists todos cascade 
Hibernate: create table todos (completed boolean not null, completed_at timestamp(6), created_at timestamp(6) not null, id bigint generated by default as identity, user_id bigint not null, description varchar(255), title varchar(255) not null, user_name varchar(255), primary key (id))
2026-06-30T23:42:50.090+05:30  INFO 25432 --- [todo-service] [           main] j.LocalContainerEntityManagerFactoryBean : Initialized JPA EntityManagerFactory for persistence unit 'default'
2026-06-30T23:42:51.535+05:30  WARN 25432 --- [todo-service] [           main] JpaBaseConfiguration$JpaWebConfiguration : spring.jpa.open-in-view is enabled by default. Therefore, database queries may be performed during view rendering. Explicitly configure spring.jpa.open-in-view to disable this warning
2026-06-30T23:42:53.544+05:30  INFO 25432 --- [todo-service] [           main] o.s.b.a.h2.H2ConsoleAutoConfiguration    : H2 console available at '/h2-console'. Database available at 'jdbc:h2:mem:todosdb'
2026-06-30T23:42:53.676+05:30  INFO 25432 --- [todo-service] [           main] o.s.b.t.m.w.SpringBootMockServletContext : Initializing Spring TestDispatcherServlet ''
2026-06-30T23:42:53.677+05:30  INFO 25432 --- [todo-service] [           main] o.s.t.web.servlet.TestDispatcherServlet  : Initializing Servlet ''
2026-06-30T23:42:53.707+05:30  INFO 25432 --- [todo-service] [           main] o.s.b.a.e.web.EndpointLinksResolver      : Exposing 2 endpoints beneath base path '/actuator'
2026-06-30T23:42:53.753+05:30  INFO 25432 --- [todo-service] [           main] o.s.t.web.servlet.TestDispatcherServlet  : Completed initialization in 75 ms
2026-06-30T23:42:54.208+05:30  INFO 25432 --- [todo-service] [           main] c.m.todo.TodoServiceIntegrationTest      : Started TodoServiceIntegrationTest in 10.154 seconds (process running for 11.869)
Hibernate: insert into todos (completed,completed_at,created_at,description,title,user_id,user_name,id) values (?,?,?,?,?,?,?,default)
2026-06-30T23:42:54.992+05:30  INFO 25432 --- [todo-service] [           main] com.microlearning.todo.api.TodoService   : [todo-service] Created todo id=1 for userId=1
2026-06-30T23:42:55.085+05:30  INFO 25432 --- [todo-service] [           main] com.microlearning.todo.api.TodoService   : [todo-service] Completed todo id=1
]]></system-out>
    <system-err><![CDATA[Mockito is currently self-attaching to enable the inline-mock-maker. This will no longer work in future releases of the JDK. Please add Mockito as an agent to your build what is described in Mockito's documentation: https://javadoc.io/doc/org.mockito/mockito-core/latest/org/mockito/Mockito.html#0.3
WARNING: A Java agent has been loaded dynamically (C:\Users\ShrikantThakre\.m2\repository\net\bytebuddy\byte-buddy-agent\1.15.11\byte-buddy-agent-1.15.11.jar)
WARNING: If a serviceability tool is in use, please run with -XX:+EnableDynamicAgentLoading to hide this warning
WARNING: If a serviceability tool is not in use, please run with -Djdk.instrument.traceUsage for more information
WARNING: Dynamic loading of agents will be disallowed by default in a future release
]]></system-err>
  </testcase>
  <testcase name="createTodo_userNotFound" classname="com.microlearning.todo.TodoServiceIntegrationTest" time="0.048">
    <system-out><![CDATA[2026-06-30T23:42:55.223+05:30 ERROR 25432 --- [todo-service] [           main] c.m.todo.common.GlobalExceptionHandler   : [todo-service] RuntimeException: User not found: 99
]]></system-out>
  </testcase>
  <testcase name="createTodo_success" classname="com.microlearning.todo.TodoServiceIntegrationTest" time="0.02">
    <system-out><![CDATA[Hibernate: insert into todos (completed,completed_at,created_at,description,title,user_id,user_name,id) values (?,?,?,?,?,?,?,default)
2026-06-30T23:42:55.255+05:30  INFO 25432 --- [todo-service] [           main] com.microlearning.todo.api.TodoService   : [todo-service] Created todo id=2 for userId=1
]]></system-out>
  </testcase>
</testsuite>