<?xml version="1.0" encoding="UTF-8"?>
<testsuite xmlns:xsi="http://www.w3.org/2001/XMLSchema-instance" xsi:noNamespaceSchemaLocation="https://maven.apache.org/surefire/maven-surefire-plugin/xsd/surefire-test-report.xsd" version="3.0.2" name="com.microlearning.todo.TodoServiceIntegrationTest" time="10.515" tests="3" errors="0" skipped="0" failures="0">
  <properties>
[...]
</properties>
  <testcase name="completeTodo" classname="com.microlearning.todo.TodoServiceIntegrationTest" time="0.515">
    <system-out><![CDATA[23:55:06.262 [main] INFO org.springframework.test.context.support.AnnotationConfigContextLoaderUtils -- Could not detect default configuration classes for test class [com.microlearning.todo.TodoServiceIntegrationTest]: TodoServiceIntegrationTest does not declare any static, non-private, non-final, nested classes annotated with @Configuration.
23:55:06.454 [main] INFO org.springframework.boot.test.context.SpringBootTestContextBootstrapper -- Found @SpringBootConfiguration com.microlearning.todo.TodoServiceApplication for test class com.microlearning.todo.TodoServiceIntegrationTest

  .   ____          _            __ _ _
 /\\ / ___'_ __ _ _(_)_ __  __ _ \ \ \ \
( ( )\___ | '_ | '_| | '_ \/ _` | \ \ \ \
 \\/  ___)| |_)| | | | | || (_| |  ) ) ) )
  '  |____| .__|_| |_|_| |_\__, | / / / /
 =========|_|==============|___/=/_/_/_/

 :: Spring Boot ::                (v3.4.5)

2026-06-30T23:55:07.355+05:30  INFO 20940 --- [           main] c.m.todo.TodoServiceIntegrationTest      : Starting TodoServiceIntegrationTest using Java 25.0.3 with PID 20940 (started by ShrikantThakre in C:\Users\ShrikantThakre\Desktop\Microservices\todo-service)
2026-06-30T23:55:07.358+05:30  INFO 20940 --- [           main] c.m.todo.TodoServiceIntegrationTest      : No active profile set, falling back to 1 default profile: "default"
2026-06-30T23:55:08.828+05:30  INFO 20940 --- [           main] .s.d.r.c.RepositoryConfigurationDelegate : Bootstrapping Spring Data JPA repositories in DEFAULT mode.
2026-06-30T23:55:09.026+05:30  INFO 20940 --- [           main] .s.d.r.c.RepositoryConfigurationDelegate : Finished Spring Data repository scanning in 181 ms. Found 1 JPA repository interface.
2026-06-30T23:55:09.365+05:30  INFO 20940 --- [           main] o.s.cloud.context.scope.GenericScope     : BeanFactory id=03fdb6ef-dacb-39e8-840b-e8a6584bf5f5
2026-06-30T23:55:11.239+05:30  INFO 20940 --- [           main] com.zaxxer.hikari.HikariDataSource       : HikariPool-1 - Starting...
2026-06-30T23:55:11.508+05:30  INFO 20940 --- [           main] com.zaxxer.hikari.pool.HikariPool        : HikariPool-1 - Added connection conn0: url=jdbc:h2:mem:406bac7d-b035-46ce-b692-5146e6289cfa user=SA
2026-06-30T23:55:11.510+05:30  INFO 20940 --- [           main] com.zaxxer.hikari.HikariDataSource       : HikariPool-1 - Start completed.
2026-06-30T23:55:11.586+05:30  INFO 20940 --- [           main] o.hibernate.jpa.internal.util.LogHelper  : HHH000204: Processing PersistenceUnitInfo [name: default]
2026-06-30T23:55:11.671+05:30  INFO 20940 --- [           main] org.hibernate.Version                    : HHH000412: Hibernate ORM core version 6.6.13.Final
2026-06-30T23:55:11.713+05:30  INFO 20940 --- [           main] o.h.c.internal.RegionFactoryInitiator    : HHH000026: Second-level cache disabled
2026-06-30T23:55:11.934+05:30  INFO 20940 --- [           main] o.s.o.j.p.SpringPersistenceUnitInfo      : No LoadTimeWeaver setup: ignoring JPA class transformer
2026-06-30T23:55:12.038+05:30  INFO 20940 --- [           main] org.hibernate.orm.connections.pooling    : HHH10001005: Database info:
	Database JDBC URL [Connecting through datasource 'HikariDataSource (HikariPool-1)']
	Database driver: undefined/unknown
	Database version: 2.3.232
	Autocommit mode: undefined/unknown
	Isolation level: undefined/unknown
	Minimum pool size: undefined/unknown
	Maximum pool size: undefined/unknown
2026-06-30T23:55:13.194+05:30  INFO 20940 --- [           main] o.h.e.t.j.p.i.JtaPlatformInitiator       : HHH000489: No JTA platform available (set 'hibernate.transaction.jta.platform' to enable JTA platform integration)
2026-06-30T23:55:13.243+05:30  INFO 20940 --- [           main] j.LocalContainerEntityManagerFactoryBean : Initialized JPA EntityManagerFactory for persistence unit 'default'
2026-06-30T23:55:14.204+05:30  WARN 20940 --- [           main] JpaBaseConfiguration$JpaWebConfiguration : spring.jpa.open-in-view is enabled by default. Therefore, database queries may be performed during view rendering. Explicitly configure spring.jpa.open-in-view to disable this warning
2026-06-30T23:55:15.523+05:30  INFO 20940 --- [           main] o.s.b.t.m.w.SpringBootMockServletContext : Initializing Spring TestDispatcherServlet ''
2026-06-30T23:55:15.524+05:30  INFO 20940 --- [           main] o.s.t.web.servlet.TestDispatcherServlet  : Initializing Servlet ''
2026-06-30T23:55:15.541+05:30  INFO 20940 --- [           main] o.s.b.a.e.web.EndpointLinksResolver      : Exposing 1 endpoint beneath base path '/actuator'
2026-06-30T23:55:15.562+05:30  INFO 20940 --- [           main] o.s.t.web.servlet.TestDispatcherServlet  : Completed initialization in 38 ms
2026-06-30T23:55:15.637+05:30  INFO 20940 --- [           main] DiscoveryClientOptionalArgsConfiguration : Eureka HTTP Client uses RestTemplate.
2026-06-30T23:55:15.719+05:30  WARN 20940 --- [           main] iguration$LoadBalancerCaffeineWarnLogger : Spring Cloud LoadBalancer is currently working with the default cache. While this cache implementation is useful for development and tests, it's recommended to use Caffeine cache in production.You can switch to using Caffeine cache, by adding it and org.springframework.cache.caffeine.CaffeineCacheManager to the classpath.
2026-06-30T23:55:15.857+05:30  INFO 20940 --- [           main] c.m.todo.TodoServiceIntegrationTest      : Started TodoServiceIntegrationTest in 9.025 seconds (process running for 10.769)
2026-06-30T23:55:16.378+05:30  INFO 20940 --- [           main] com.microlearning.todo.api.TodoService   : [todo-service] Created todo id=1 for userId=1
2026-06-30T23:55:16.436+05:30  INFO 20940 --- [           main] com.microlearning.todo.api.TodoService   : [todo-service] Completed todo id=1
]]></system-out>
    <system-err><![CDATA[Mockito is currently self-attaching to enable the inline-mock-maker. This will no longer work in future releases of the JDK. Please add Mockito as an agent to your build what is described in Mockito's documentation: https://javadoc.io/doc/org.mockito/mockito-core/latest/org/mockito/Mockito.html#0.3
WARNING: A Java agent has been loaded dynamically (C:\Users\ShrikantThakre\.m2\repository\net\bytebuddy\byte-buddy-agent\1.15.11\byte-buddy-agent-1.15.11.jar)
WARNING: If a serviceability tool is in use, please run with -XX:+EnableDynamicAgentLoading to hide this warning
WARNING: If a serviceability tool is not in use, please run with -Djdk.instrument.traceUsage for more information
WARNING: Dynamic loading of agents will be disallowed by default in a future release
]]></system-err>
  </testcase>
  <testcase name="createTodo_userNotFound" classname="com.microlearning.todo.TodoServiceIntegrationTest" time="0.036">
    <system-out><![CDATA[2026-06-30T23:55:16.534+05:30 ERROR 20940 --- [           main] c.m.todo.common.GlobalExceptionHandler   : [todo-service] RuntimeException: User not found: 99
]]></system-out>
  </testcase>
  <testcase name="createTodo_success" classname="com.microlearning.todo.TodoServiceIntegrationTest" time="0.02">
    <system-out><![CDATA[2026-06-30T23:55:16.563+05:30  INFO 20940 --- [           main] com.microlearning.todo.api.TodoService   : [todo-service] Created todo id=2 for userId=1
]]></system-out>
  </testcase>
</testsuite>