<?xml version="1.0" encoding="UTF-8"?>
<testsuite xmlns:xsi="http://www.w3.org/2001/XMLSchema-instance" xsi:noNamespaceSchemaLocation="https://maven.apache.org/surefire/maven-surefire-plugin/xsd/surefire-test-report.xsd" version="3.0.2" name="com.microlearning.gateway.ApiGatewayTest" time="8.359" tests="2" errors="0" skipped="0" failures="0">
  <properties>
[...]
</properties>
  <testcase name="correlationId_generatedWhenAbsent" classname="com.microlearning.gateway.ApiGatewayTest" time="2.11">
    <system-out><![CDATA[00:00:36.321 [main] INFO org.springframework.test.context.support.AnnotationConfigContextLoaderUtils -- Could not detect default configuration classes for test class [com.microlearning.gateway.ApiGatewayTest]: ApiGatewayTest does not declare any static, non-private, non-final, nested classes annotated with @Configuration.
00:00:36.446 [main] INFO org.springframework.boot.test.context.SpringBootTestContextBootstrapper -- Found @SpringBootConfiguration com.microlearning.gateway.ApiGatewayApplication for test class com.microlearning.gateway.ApiGatewayTest

  .   ____          _            __ _ _
 /\\ / ___'_ __ _ _(_)_ __  __ _ \ \ \ \
( ( )\___ | '_ | '_| | '_ \/ _` | \ \ \ \
 \\/  ___)| |_)| | | | | || (_| |  ) ) ) )
  '  |____| .__|_| |_|_| |_\__, | / / / /
 =========|_|==============|___/=/_/_/_/

 :: Spring Boot ::                (v3.4.5)

2026-07-01T00:00:37.083+05:30  INFO 26764 --- [api-gateway] [           main] c.microlearning.gateway.ApiGatewayTest   : Starting ApiGatewayTest using Java 25.0.3 with PID 26764 (started by ShrikantThakre in C:\Users\ShrikantThakre\Desktop\Microservices\api-gateway)
2026-07-01T00:00:37.086+05:30 DEBUG 26764 --- [api-gateway] [           main] c.microlearning.gateway.ApiGatewayTest   : Running with Spring Boot v3.4.5, Spring v6.2.6
2026-07-01T00:00:37.087+05:30  INFO 26764 --- [api-gateway] [           main] c.microlearning.gateway.ApiGatewayTest   : No active profile set, falling back to 1 default profile: "default"
2026-07-01T00:00:37.960+05:30  INFO 26764 --- [api-gateway] [           main] o.s.cloud.context.scope.GenericScope     : BeanFactory id=206554ba-5985-3dbf-bbb3-96a93f6f09ba
2026-07-01T00:00:39.102+05:30 DEBUG 26764 --- [api-gateway] [           main] o.s.c.gateway.config.GatewayProperties   : Routes supplied from Gateway Properties: [RouteDefinition{id='user-service-route', predicates=[PredicateDefinition{name='Path', args={_genkey_0=/api/users/**}}], filters=[], uri=lb://user-service, order=0, metadata={}, enabled=true}, RouteDefinition{id='todo-service-route', predicates=[PredicateDefinition{name='Path', args={_genkey_0=/api/todos/**}}], filters=[], uri=lb://todo-service, order=0, metadata={}, enabled=true}]
2026-07-01T00:00:39.849+05:30  INFO 26764 --- [api-gateway] [           main] o.s.c.g.r.RouteDefinitionRouteLocator    : Loaded RoutePredicateFactory [After]
2026-07-01T00:00:39.851+05:30  INFO 26764 --- [api-gateway] [           main] o.s.c.g.r.RouteDefinitionRouteLocator    : Loaded RoutePredicateFactory [Before]
2026-07-01T00:00:39.851+05:30  INFO 26764 --- [api-gateway] [           main] o.s.c.g.r.RouteDefinitionRouteLocator    : Loaded RoutePredicateFactory [Between]
2026-07-01T00:00:39.853+05:30  INFO 26764 --- [api-gateway] [           main] o.s.c.g.r.RouteDefinitionRouteLocator    : Loaded RoutePredicateFactory [Cookie]
2026-07-01T00:00:39.853+05:30  INFO 26764 --- [api-gateway] [           main] o.s.c.g.r.RouteDefinitionRouteLocator    : Loaded RoutePredicateFactory [Header]
2026-07-01T00:00:39.853+05:30  INFO 26764 --- [api-gateway] [           main] o.s.c.g.r.RouteDefinitionRouteLocator    : Loaded RoutePredicateFactory [Host]
2026-07-01T00:00:39.853+05:30  INFO 26764 --- [api-gateway] [           main] o.s.c.g.r.RouteDefinitionRouteLocator    : Loaded RoutePredicateFactory [Method]
2026-07-01T00:00:39.853+05:30  INFO 26764 --- [api-gateway] [           main] o.s.c.g.r.RouteDefinitionRouteLocator    : Loaded RoutePredicateFactory [Path]
2026-07-01T00:00:39.853+05:30  INFO 26764 --- [api-gateway] [           main] o.s.c.g.r.RouteDefinitionRouteLocator    : Loaded RoutePredicateFactory [Query]
2026-07-01T00:00:39.853+05:30  INFO 26764 --- [api-gateway] [           main] o.s.c.g.r.RouteDefinitionRouteLocator    : Loaded RoutePredicateFactory [ReadBody]
2026-07-01T00:00:39.853+05:30  INFO 26764 --- [api-gateway] [           main] o.s.c.g.r.RouteDefinitionRouteLocator    : Loaded RoutePredicateFactory [RemoteAddr]
2026-07-01T00:00:39.855+05:30  INFO 26764 --- [api-gateway] [           main] o.s.c.g.r.RouteDefinitionRouteLocator    : Loaded RoutePredicateFactory [XForwardedRemoteAddr]
2026-07-01T00:00:39.855+05:30  INFO 26764 --- [api-gateway] [           main] o.s.c.g.r.RouteDefinitionRouteLocator    : Loaded RoutePredicateFactory [Weight]
2026-07-01T00:00:39.855+05:30  INFO 26764 --- [api-gateway] [           main] o.s.c.g.r.RouteDefinitionRouteLocator    : Loaded RoutePredicateFactory [CloudFoundryRouteService]
2026-07-01T00:00:40.402+05:30  INFO 26764 --- [api-gateway] [           main] o.s.b.a.e.web.EndpointLinksResolver      : Exposing 3 endpoints beneath base path '/actuator'
2026-07-01T00:00:41.083+05:30  INFO 26764 --- [api-gateway] [           main] DiscoveryClientOptionalArgsConfiguration : Eureka HTTP Client uses RestTemplate.
2026-07-01T00:00:41.157+05:30  WARN 26764 --- [api-gateway] [           main] iguration$LoadBalancerCaffeineWarnLogger : Spring Cloud LoadBalancer is currently working with the default cache. While this cache implementation is useful for development and tests, it's recommended to use Caffeine cache in production.You can switch to using Caffeine cache, by adding it and org.springframework.cache.caffeine.CaffeineCacheManager to the classpath.
2026-07-01T00:00:42.121+05:30  INFO 26764 --- [api-gateway] [           main] o.s.b.web.embedded.netty.NettyWebServer  : Netty started on port 52261 (http)
2026-07-01T00:00:42.272+05:30 DEBUG 26764 --- [api-gateway] [           main] o.s.c.g.r.RouteDefinitionRouteLocator    : RouteDefinition user-service-route applying {_genkey_0=/api/users/**} to Path
2026-07-01T00:00:42.317+05:30 DEBUG 26764 --- [api-gateway] [           main] o.s.c.g.r.RouteDefinitionRouteLocator    : RouteDefinition user-service-route applying filter {_genkey_0=X-Response-Time, _genkey_1=api-gateway} to AddResponseHeader
2026-07-01T00:00:42.366+05:30 DEBUG 26764 --- [api-gateway] [           main] o.s.c.g.r.RouteDefinitionRouteLocator    : RouteDefinition matched: user-service-route
2026-07-01T00:00:42.366+05:30 DEBUG 26764 --- [api-gateway] [           main] o.s.c.g.r.RouteDefinitionRouteLocator    : RouteDefinition todo-service-route applying {_genkey_0=/api/todos/**} to Path
2026-07-01T00:00:42.366+05:30 DEBUG 26764 --- [api-gateway] [           main] o.s.c.g.r.RouteDefinitionRouteLocator    : RouteDefinition todo-service-route applying filter {_genkey_0=X-Response-Time, _genkey_1=api-gateway} to AddResponseHeader
2026-07-01T00:00:42.366+05:30 DEBUG 26764 --- [api-gateway] [           main] o.s.c.g.r.RouteDefinitionRouteLocator    : RouteDefinition matched: todo-service-route
2026-07-01T00:00:42.389+05:30 DEBUG 26764 --- [api-gateway] [           main] o.s.c.g.filter.GatewayMetricsFilter      : New routes count: 2
2026-07-01T00:00:42.393+05:30  INFO 26764 --- [api-gateway] [           main] c.microlearning.gateway.ApiGatewayTest   : Started ApiGatewayTest in 5.62 seconds (process running for 6.823)
2026-07-01T00:00:44.112+05:30 DEBUG 26764 --- [api-gateway] [     parallel-1] o.s.c.g.h.RoutePredicateHandlerMapping   : Route matched: user-service-route
2026-07-01T00:00:44.122+05:30 DEBUG 26764 --- [api-gateway] [     parallel-1] o.s.c.g.h.RoutePredicateHandlerMapping   : Mapping [Exchange: GET /api/users/1] to Route{id='user-service-route', uri=lb://user-service, order=0, predicate=Paths: [/api/users/**], match trailing slash: true, gatewayFilters=[[[AddResponseHeader X-Response-Time = 'api-gateway'], order = 1]], metadata={}}
2026-07-01T00:00:44.122+05:30 DEBUG 26764 --- [api-gateway] [     parallel-1] o.s.c.g.h.RoutePredicateHandlerMapping   : [5c508fc2] Mapped to org.springframework.cloud.gateway.handler.FilteringWebHandler@11148dc2
2026-07-01T00:00:44.126+05:30 DEBUG 26764 --- [api-gateway] [     parallel-1] o.s.c.g.handler.FilteringWebHandler      : Sorted gatewayFilterFactories: [[GatewayFilterAdapter{delegate=com.microlearning.gateway.filter.CorrelationIdFilter@d9f5fce}, order = -2147483648], [GatewayFilterAdapter{delegate=org.springframework.cloud.gateway.filter.RemoveCachedBodyFilter@6009cd34}, order = -2147483648], [GatewayFilterAdapter{delegate=com.microlearning.gateway.filter.LoggingFilter@49653791}, order = -2147483647], [GatewayFilterAdapter{delegate=org.springframework.cloud.gateway.filter.AdaptCachedBodyGlobalFilter@1491cd6c}, order = -2147482648], [GatewayFilterAdapter{delegate=org.springframework.cloud.gateway.filter.NettyWriteResponseFilter@1b0e031b}, order = -1], [GatewayFilterAdapter{delegate=org.springframework.cloud.gateway.filter.ForwardPathFilter@4e5c8ef3}, order = 0], [GatewayFilterAdapter{delegate=org.springframework.cloud.gateway.filter.GatewayMetricsFilter@27358a19}, order = 0], [[AddResponseHeader X-Response-Time = 'api-gateway'], order = 1], [GatewayFilterAdapter{delegate=org.springframework.cloud.gateway.filter.RouteToRequestUrlFilter@65844c96}, order = 10000], [GatewayFilterAdapter{delegate=org.springframework.cloud.gateway.filter.ReactiveLoadBalancerClientFilter@45b7c97f}, order = 10150], [GatewayFilterAdapter{delegate=org.springframework.cloud.gateway.filter.LoadBalancerServiceInstanceCookieFilter@c212536}, order = 10151], [GatewayFilterAdapter{delegate=org.springframework.cloud.gateway.filter.WebsocketRoutingFilter@60928a61}, order = 2147483646], [GatewayFilterAdapter{delegate=org.springframework.cloud.gateway.filter.NettyRoutingFilter@7b377a53}, order = 2147483647], [GatewayFilterAdapter{delegate=org.springframework.cloud.gateway.filter.ForwardRoutingFilter@25214797}, order = 2147483647]]
2026-07-01T00:00:44.127+05:30 DEBUG 26764 --- [api-gateway] [     parallel-1] c.m.gateway.filter.CorrelationIdFilter   : [gateway] GET /api/users/1 correlationId=468a225d-f191-42f1-aed0-1cf4238649c7
2026-07-01T00:00:44.139+05:30  INFO 26764 --- [api-gateway] [     parallel-1] c.m.gateway.filter.LoggingFilter         : [gateway] → GET /api/users/1 correlationId=468a225d-f191-42f1-aed0-1cf4238649c7
2026-07-01T00:00:44.290+05:30  WARN 26764 --- [api-gateway] [     parallel-1] o.s.c.l.core.RoundRobinLoadBalancer      : No servers available for service: user-service
]]></system-out>
    <system-err><![CDATA[Mockito is currently self-attaching to enable the inline-mock-maker. This will no longer work in future releases of the JDK. Please add Mockito as an agent to your build what is described in Mockito's documentation: https://javadoc.io/doc/org.mockito/mockito-core/latest/org/mockito/Mockito.html#0.3
WARNING: A Java agent has been loaded dynamically (C:\Users\ShrikantThakre\.m2\repository\net\bytebuddy\byte-buddy-agent\1.15.11\byte-buddy-agent-1.15.11.jar)
WARNING: If a serviceability tool is in use, please run with -XX:+EnableDynamicAgentLoading to hide this warning
WARNING: If a serviceability tool is not in use, please run with -Djdk.instrument.traceUsage for more information
WARNING: Dynamic loading of agents will be disallowed by default in a future release
]]></system-err>
  </testcase>
  <testcase name="correlationId_passedThroughWhenPresent" classname="com.microlearning.gateway.ApiGatewayTest" time="0.031">
    <system-out><![CDATA[2026-07-01T00:00:44.536+05:30 DEBUG 26764 --- [api-gateway] [     parallel-3] o.s.c.g.h.RoutePredicateHandlerMapping   : Route matched: user-service-route
2026-07-01T00:00:44.536+05:30 DEBUG 26764 --- [api-gateway] [     parallel-3] o.s.c.g.h.RoutePredicateHandlerMapping   : Mapping [Exchange: GET /api/users/1] to Route{id='user-service-route', uri=lb://user-service, order=0, predicate=Paths: [/api/users/**], match trailing slash: true, gatewayFilters=[[[AddResponseHeader X-Response-Time = 'api-gateway'], order = 1]], metadata={}}
2026-07-01T00:00:44.536+05:30 DEBUG 26764 --- [api-gateway] [     parallel-3] o.s.c.g.h.RoutePredicateHandlerMapping   : [5d5ac042] Mapped to org.springframework.cloud.gateway.handler.FilteringWebHandler@11148dc2
2026-07-01T00:00:44.536+05:30 DEBUG 26764 --- [api-gateway] [     parallel-3] o.s.c.g.handler.FilteringWebHandler      : Sorted gatewayFilterFactories: [[GatewayFilterAdapter{delegate=com.microlearning.gateway.filter.CorrelationIdFilter@d9f5fce}, order = -2147483648], [GatewayFilterAdapter{delegate=org.springframework.cloud.gateway.filter.RemoveCachedBodyFilter@6009cd34}, order = -2147483648], [GatewayFilterAdapter{delegate=com.microlearning.gateway.filter.LoggingFilter@49653791}, order = -2147483647], [GatewayFilterAdapter{delegate=org.springframework.cloud.gateway.filter.AdaptCachedBodyGlobalFilter@1491cd6c}, order = -2147482648], [GatewayFilterAdapter{delegate=org.springframework.cloud.gateway.filter.NettyWriteResponseFilter@1b0e031b}, order = -1], [GatewayFilterAdapter{delegate=org.springframework.cloud.gateway.filter.ForwardPathFilter@4e5c8ef3}, order = 0], [GatewayFilterAdapter{delegate=org.springframework.cloud.gateway.filter.GatewayMetricsFilter@27358a19}, order = 0], [[AddResponseHeader X-Response-Time = 'api-gateway'], order = 1], [GatewayFilterAdapter{delegate=org.springframework.cloud.gateway.filter.RouteToRequestUrlFilter@65844c96}, order = 10000], [GatewayFilterAdapter{delegate=org.springframework.cloud.gateway.filter.ReactiveLoadBalancerClientFilter@45b7c97f}, order = 10150], [GatewayFilterAdapter{delegate=org.springframework.cloud.gateway.filter.LoadBalancerServiceInstanceCookieFilter@c212536}, order = 10151], [GatewayFilterAdapter{delegate=org.springframework.cloud.gateway.filter.WebsocketRoutingFilter@60928a61}, order = 2147483646], [GatewayFilterAdapter{delegate=org.springframework.cloud.gateway.filter.NettyRoutingFilter@7b377a53}, order = 2147483647], [GatewayFilterAdapter{delegate=org.springframework.cloud.gateway.filter.ForwardRoutingFilter@25214797}, order = 2147483647]]
2026-07-01T00:00:44.538+05:30 DEBUG 26764 --- [api-gateway] [     parallel-3] c.m.gateway.filter.CorrelationIdFilter   : [gateway] GET /api/users/1 correlationId=test-correlation-id-12345
2026-07-01T00:00:44.538+05:30  INFO 26764 --- [api-gateway] [     parallel-3] c.m.gateway.filter.LoggingFilter         : [gateway] → GET /api/users/1 correlationId=test-correlation-id-12345
2026-07-01T00:00:44.540+05:30  WARN 26764 --- [api-gateway] [     parallel-3] o.s.c.l.core.RoundRobinLoadBalancer      : No servers available for service: user-service
]]></system-out>
  </testcase>
</testsuite>