<?xml version="1.0" encoding="UTF-8"?>
<testsuite xmlns:xsi="http://www.w3.org/2001/XMLSchema-instance" xsi:noNamespaceSchemaLocation="https://maven.apache.org/surefire/maven-surefire-plugin/xsd/surefire-test-report.xsd" version="3.0.2" name="com.microlearning.gateway.ApiGatewayTest" time="7.667" tests="7" errors="0" skipped="0" failures="0">
  <properties>
[...]
</properties>
  <testcase name="protectedPath_validToken_allowedThrough" classname="com.microlearning.gateway.ApiGatewayTest" time="1.397">
    <system-out><![CDATA[01:58:32.887 [main] INFO org.springframework.test.context.support.AnnotationConfigContextLoaderUtils -- Could not detect default configuration classes for test class [com.microlearning.gateway.ApiGatewayTest]: ApiGatewayTest does not declare any static, non-private, non-final, nested classes annotated with @Configuration.
01:58:33.149 [main] INFO org.springframework.boot.test.context.SpringBootTestContextBootstrapper -- Found @SpringBootConfiguration com.microlearning.gateway.ApiGatewayApplication for test class com.microlearning.gateway.ApiGatewayTest

  .   ____          _            __ _ _
 /\\ / ___'_ __ _ _(_)_ __  __ _ \ \ \ \
( ( )\___ | '_ | '_| | '_ \/ _` | \ \ \ \
 \\/  ___)| |_)| | | | | || (_| |  ) ) ) )
  '  |____| .__|_| |_|_| |_\__, | / / / /
 =========|_|==============|___/=/_/_/_/

 :: Spring Boot ::                (v3.4.5)

2026-07-01T01:58:34.261+05:30  INFO 20380 --- [           main] c.microlearning.gateway.ApiGatewayTest   : Starting ApiGatewayTest using Java 25.0.3 with PID 20380 (started by ShrikantThakre in C:\Users\ShrikantThakre\Desktop\Microservices\api-gateway)
2026-07-01T01:58:34.264+05:30  INFO 20380 --- [           main] c.microlearning.gateway.ApiGatewayTest   : No active profile set, falling back to 1 default profile: "default"
2026-07-01T01:58:35.764+05:30  INFO 20380 --- [           main] o.s.cloud.context.scope.GenericScope     : BeanFactory id=9bb8e019-7351-3c89-8634-9c49443af839
2026-07-01T01:58:37.205+05:30  INFO 20380 --- [           main] o.s.c.g.r.RouteDefinitionRouteLocator    : Loaded RoutePredicateFactory [After]
2026-07-01T01:58:37.206+05:30  INFO 20380 --- [           main] o.s.c.g.r.RouteDefinitionRouteLocator    : Loaded RoutePredicateFactory [Before]
2026-07-01T01:58:37.206+05:30  INFO 20380 --- [           main] o.s.c.g.r.RouteDefinitionRouteLocator    : Loaded RoutePredicateFactory [Between]
2026-07-01T01:58:37.207+05:30  INFO 20380 --- [           main] o.s.c.g.r.RouteDefinitionRouteLocator    : Loaded RoutePredicateFactory [Cookie]
2026-07-01T01:58:37.207+05:30  INFO 20380 --- [           main] o.s.c.g.r.RouteDefinitionRouteLocator    : Loaded RoutePredicateFactory [Header]
2026-07-01T01:58:37.207+05:30  INFO 20380 --- [           main] o.s.c.g.r.RouteDefinitionRouteLocator    : Loaded RoutePredicateFactory [Host]
2026-07-01T01:58:37.208+05:30  INFO 20380 --- [           main] o.s.c.g.r.RouteDefinitionRouteLocator    : Loaded RoutePredicateFactory [Method]
2026-07-01T01:58:37.208+05:30  INFO 20380 --- [           main] o.s.c.g.r.RouteDefinitionRouteLocator    : Loaded RoutePredicateFactory [Path]
2026-07-01T01:58:37.208+05:30  INFO 20380 --- [           main] o.s.c.g.r.RouteDefinitionRouteLocator    : Loaded RoutePredicateFactory [Query]
2026-07-01T01:58:37.208+05:30  INFO 20380 --- [           main] o.s.c.g.r.RouteDefinitionRouteLocator    : Loaded RoutePredicateFactory [ReadBody]
2026-07-01T01:58:37.208+05:30  INFO 20380 --- [           main] o.s.c.g.r.RouteDefinitionRouteLocator    : Loaded RoutePredicateFactory [RemoteAddr]
2026-07-01T01:58:37.209+05:30  INFO 20380 --- [           main] o.s.c.g.r.RouteDefinitionRouteLocator    : Loaded RoutePredicateFactory [XForwardedRemoteAddr]
2026-07-01T01:58:37.209+05:30  INFO 20380 --- [           main] o.s.c.g.r.RouteDefinitionRouteLocator    : Loaded RoutePredicateFactory [Weight]
2026-07-01T01:58:37.210+05:30  INFO 20380 --- [           main] o.s.c.g.r.RouteDefinitionRouteLocator    : Loaded RoutePredicateFactory [CloudFoundryRouteService]
2026-07-01T01:58:37.739+05:30  INFO 20380 --- [           main] o.s.b.a.e.web.EndpointLinksResolver      : Exposing 1 endpoint beneath base path '/actuator'
2026-07-01T01:58:38.164+05:30  INFO 20380 --- [           main] DiscoveryClientOptionalArgsConfiguration : Eureka HTTP Client uses RestTemplate.
2026-07-01T01:58:38.203+05:30  WARN 20380 --- [           main] iguration$LoadBalancerCaffeineWarnLogger : Spring Cloud LoadBalancer is currently working with the default cache. While this cache implementation is useful for development and tests, it's recommended to use Caffeine cache in production.You can switch to using Caffeine cache, by adding it and org.springframework.cache.caffeine.CaffeineCacheManager to the classpath.
2026-07-01T01:58:38.657+05:30  INFO 20380 --- [           main] o.s.b.web.embedded.netty.NettyWebServer  : Netty started on port 50835 (http)
2026-07-01T01:58:38.753+05:30  INFO 20380 --- [           main] c.microlearning.gateway.ApiGatewayTest   : Started ApiGatewayTest in 5.133 seconds (process running for 7.151)
2026-07-01T01:58:39.837+05:30  INFO 20380 --- [     parallel-1] c.m.gateway.filter.LoggingFilter         : [gateway] → GET /api/users/1 correlationId=cbe6b9ad-7de4-47f2-975d-f7084f700a0f
2026-07-01T01:58:40.095+05:30 ERROR 20380 --- [ctor-http-nio-2] a.w.r.e.AbstractErrorWebExceptionHandler : [1fcd2c47]  500 Server Error for HTTP GET "/api/users/1"

io.netty.channel.AbstractChannel$AnnotatedConnectException: Connection refused: getsockopt: localhost/127.0.0.1:9999
	Suppressed: reactor.core.publisher.FluxOnAssembly$OnAssemblyException: 
Error has been observed at the following site(s):
	*__checkpoint ⇢ org.springframework.cloud.gateway.filter.WeightCalculatorWebFilter [DefaultWebFilterChain]
	*__checkpoint ⇢ HTTP GET "/api/users/1" [ExceptionHandlingWebHandler]
Original Stack Trace:
Caused by: java.net.ConnectException: Connection refused: getsockopt
	at java.base/sun.nio.ch.Net.pollConnect(Native Method) ~[na:na]
	at java.base/sun.nio.ch.Net.pollConnectNow(Net.java:639) ~[na:na]
	at java.base/sun.nio.ch.SocketChannelImpl.finishConnect(SocketChannelImpl.java:1046) ~[na:na]
	at io.netty.channel.socket.nio.NioSocketChannel.doFinishConnect(NioSocketChannel.java:336) ~[netty-transport-4.1.119.Final.jar:4.1.119.Final]
	at io.netty.channel.nio.AbstractNioChannel$AbstractNioUnsafe.finishConnect(AbstractNioChannel.java:339) ~[netty-transport-4.1.119.Final.jar:4.1.119.Final]
	at io.netty.channel.nio.NioEventLoop.processSelectedKey(NioEventLoop.java:784) ~[netty-transport-4.1.119.Final.jar:4.1.119.Final]
	at io.netty.channel.nio.NioEventLoop.processSelectedKeysOptimized(NioEventLoop.java:732) ~[netty-transport-4.1.119.Final.jar:4.1.119.Final]
	at io.netty.channel.nio.NioEventLoop.processSelectedKeys(NioEventLoop.java:658) ~[netty-transport-4.1.119.Final.jar:4.1.119.Final]
	at io.netty.channel.nio.NioEventLoop.run(NioEventLoop.java:562) ~[netty-transport-4.1.119.Final.jar:4.1.119.Final]
	at io.netty.util.concurrent.SingleThreadEventExecutor$4.run(SingleThreadEventExecutor.java:998) ~[netty-common-4.1.119.Final.jar:4.1.119.Final]
	at io.netty.util.internal.ThreadExecutorMap$2.run(ThreadExecutorMap.java:74) ~[netty-common-4.1.119.Final.jar:4.1.119.Final]
	at io.netty.util.concurrent.FastThreadLocalRunnable.run(FastThreadLocalRunnable.java:30) ~[netty-common-4.1.119.Final.jar:4.1.119.Final]
	at java.base/java.lang.Thread.run(Thread.java:1474) ~[na:na]

]]></system-out>
    <system-err><![CDATA[Mockito is currently self-attaching to enable the inline-mock-maker. This will no longer work in future releases of the JDK. Please add Mockito as an agent to your build what is described in Mockito's documentation: https://javadoc.io/doc/org.mockito/mockito-core/latest/org/mockito/Mockito.html#0.3
WARNING: A Java agent has been loaded dynamically (C:\Users\ShrikantThakre\.m2\repository\net\bytebuddy\byte-buddy-agent\1.15.11\byte-buddy-agent-1.15.11.jar)
WARNING: If a serviceability tool is in use, please run with -XX:+EnableDynamicAgentLoading to hide this warning
WARNING: If a serviceability tool is not in use, please run with -Djdk.instrument.traceUsage for more information
WARNING: Dynamic loading of agents will be disallowed by default in a future release
]]></system-err>
  </testcase>
  <testcase name="protectedPath_noToken_returns401" classname="com.microlearning.gateway.ApiGatewayTest" time="0.018">
    <system-out><![CDATA[2026-07-01T01:58:40.178+05:30  WARN 20380 --- [     parallel-2] c.m.g.filter.JwtAuthenticationFilter     : [jwt-filter] Missing or malformed Authorization header for path=/api/users/1
]]></system-out>
  </testcase>
  <testcase name="correlationId_generatedWhenAbsent" classname="com.microlearning.gateway.ApiGatewayTest" time="0.025">
    <system-out><![CDATA[2026-07-01T01:58:40.198+05:30  INFO 20380 --- [     parallel-3] c.m.gateway.filter.LoggingFilter         : [gateway] → GET /api/users/1 correlationId=51610345-3711-4620-a909-4a8c03b29b54
2026-07-01T01:58:40.202+05:30 ERROR 20380 --- [ctor-http-nio-3] a.w.r.e.AbstractErrorWebExceptionHandler : [1d37e7f6]  500 Server Error for HTTP GET "/api/users/1"

io.netty.channel.AbstractChannel$AnnotatedConnectException: Connection refused: getsockopt: localhost/127.0.0.1:9999
	Suppressed: reactor.core.publisher.FluxOnAssembly$OnAssemblyException: 
Error has been observed at the following site(s):
	*__checkpoint ⇢ org.springframework.cloud.gateway.filter.WeightCalculatorWebFilter [DefaultWebFilterChain]
	*__checkpoint ⇢ HTTP GET "/api/users/1" [ExceptionHandlingWebHandler]
Original Stack Trace:
Caused by: java.net.ConnectException: Connection refused: getsockopt
	at java.base/sun.nio.ch.Net.pollConnect(Native Method) ~[na:na]
	at java.base/sun.nio.ch.Net.pollConnectNow(Net.java:639) ~[na:na]
	at java.base/sun.nio.ch.SocketChannelImpl.finishConnect(SocketChannelImpl.java:1046) ~[na:na]
	at io.netty.channel.socket.nio.NioSocketChannel.doFinishConnect(NioSocketChannel.java:336) ~[netty-transport-4.1.119.Final.jar:4.1.119.Final]
	at io.netty.channel.nio.AbstractNioChannel$AbstractNioUnsafe.finishConnect(AbstractNioChannel.java:339) ~[netty-transport-4.1.119.Final.jar:4.1.119.Final]
	at io.netty.channel.nio.NioEventLoop.processSelectedKey(NioEventLoop.java:784) ~[netty-transport-4.1.119.Final.jar:4.1.119.Final]
	at io.netty.channel.nio.NioEventLoop.processSelectedKeysOptimized(NioEventLoop.java:732) ~[netty-transport-4.1.119.Final.jar:4.1.119.Final]
	at io.netty.channel.nio.NioEventLoop.processSelectedKeys(NioEventLoop.java:658) ~[netty-transport-4.1.119.Final.jar:4.1.119.Final]
	at io.netty.channel.nio.NioEventLoop.run(NioEventLoop.java:562) ~[netty-transport-4.1.119.Final.jar:4.1.119.Final]
	at io.netty.util.concurrent.SingleThreadEventExecutor$4.run(SingleThreadEventExecutor.java:998) ~[netty-common-4.1.119.Final.jar:4.1.119.Final]
	at io.netty.util.internal.ThreadExecutorMap$2.run(ThreadExecutorMap.java:74) ~[netty-common-4.1.119.Final.jar:4.1.119.Final]
	at io.netty.util.concurrent.FastThreadLocalRunnable.run(FastThreadLocalRunnable.java:30) ~[netty-common-4.1.119.Final.jar:4.1.119.Final]
	at java.base/java.lang.Thread.run(Thread.java:1474) ~[na:na]

]]></system-out>
  </testcase>
  <testcase name="protectedPath_expiredToken_returns401" classname="com.microlearning.gateway.ApiGatewayTest" time="0.021">
    <system-out><![CDATA[2026-07-01T01:58:40.231+05:30  WARN 20380 --- [     parallel-4] c.m.g.filter.JwtAuthenticationFilter     : [jwt-filter] Expired JWT for path=/api/users/1
]]></system-out>
  </testcase>
  <testcase name="publicPath_noToken_notBlockedByJwtFilter" classname="com.microlearning.gateway.ApiGatewayTest" time="0.054"/>
  <testcase name="protectedPath_tamperedToken_returns401" classname="com.microlearning.gateway.ApiGatewayTest" time="0.013">
    <system-out><![CDATA[2026-07-01T01:58:40.302+05:30  WARN 20380 --- [     parallel-6] c.m.g.filter.JwtAuthenticationFilter     : [jwt-filter] Invalid JWT for path=/api/users/1: JWT signature does not match locally computed signature. JWT validity cannot be asserted and should not be trusted.
]]></system-out>
  </testcase>
  <testcase name="correlationId_passedThroughWhenPresent" classname="com.microlearning.gateway.ApiGatewayTest" time="0.023">
    <system-out><![CDATA[2026-07-01T01:58:40.319+05:30  INFO 20380 --- [     parallel-7] c.m.gateway.filter.LoggingFilter         : [gateway] → GET /api/users/1 correlationId=test-correlation-id-12345
2026-07-01T01:58:40.327+05:30 ERROR 20380 --- [ctor-http-nio-4] a.w.r.e.AbstractErrorWebExceptionHandler : [5755e791]  500 Server Error for HTTP GET "/api/users/1"

io.netty.channel.AbstractChannel$AnnotatedConnectException: Connection refused: getsockopt: localhost/127.0.0.1:9999
	Suppressed: reactor.core.publisher.FluxOnAssembly$OnAssemblyException: 
Error has been observed at the following site(s):
	*__checkpoint ⇢ org.springframework.cloud.gateway.filter.WeightCalculatorWebFilter [DefaultWebFilterChain]
	*__checkpoint ⇢ HTTP GET "/api/users/1" [ExceptionHandlingWebHandler]
Original Stack Trace:
Caused by: java.net.ConnectException: Connection refused: getsockopt
	at java.base/sun.nio.ch.Net.pollConnect(Native Method) ~[na:na]
	at java.base/sun.nio.ch.Net.pollConnectNow(Net.java:639) ~[na:na]
	at java.base/sun.nio.ch.SocketChannelImpl.finishConnect(SocketChannelImpl.java:1046) ~[na:na]
	at io.netty.channel.socket.nio.NioSocketChannel.doFinishConnect(NioSocketChannel.java:336) ~[netty-transport-4.1.119.Final.jar:4.1.119.Final]
	at io.netty.channel.nio.AbstractNioChannel$AbstractNioUnsafe.finishConnect(AbstractNioChannel.java:339) ~[netty-transport-4.1.119.Final.jar:4.1.119.Final]
	at io.netty.channel.nio.NioEventLoop.processSelectedKey(NioEventLoop.java:784) ~[netty-transport-4.1.119.Final.jar:4.1.119.Final]
	at io.netty.channel.nio.NioEventLoop.processSelectedKeysOptimized(NioEventLoop.java:732) ~[netty-transport-4.1.119.Final.jar:4.1.119.Final]
	at io.netty.channel.nio.NioEventLoop.processSelectedKeys(NioEventLoop.java:658) ~[netty-transport-4.1.119.Final.jar:4.1.119.Final]
	at io.netty.channel.nio.NioEventLoop.run(NioEventLoop.java:562) ~[netty-transport-4.1.119.Final.jar:4.1.119.Final]
	at io.netty.util.concurrent.SingleThreadEventExecutor$4.run(SingleThreadEventExecutor.java:998) ~[netty-common-4.1.119.Final.jar:4.1.119.Final]
	at io.netty.util.internal.ThreadExecutorMap$2.run(ThreadExecutorMap.java:74) ~[netty-common-4.1.119.Final.jar:4.1.119.Final]
	at io.netty.util.concurrent.FastThreadLocalRunnable.run(FastThreadLocalRunnable.java:30) ~[netty-common-4.1.119.Final.jar:4.1.119.Final]
	at java.base/java.lang.Thread.run(Thread.java:1474) ~[na:na]

]]></system-out>
  </testcase>
</testsuite>