<?xml version="1.0" encoding="UTF-8"?>
<testsuite xmlns:xsi="http://www.w3.org/2001/XMLSchema-instance" xsi:noNamespaceSchemaLocation="https://maven.apache.org/surefire/maven-surefire-plugin/xsd/surefire-test-report.xsd" version="3.0.2" name="com.microlearning.todo.user.UserControllerTest" time="10.825" tests="3" errors="0" skipped="0" failures="0">
  <properties>
[...]
</properties>
  <testcase name="createUser_invalidInput_returns400" classname="com.microlearning.todo.user.UserControllerTest" time="0.866">
    <system-out><![CDATA[23:26:43.737 [main] INFO org.springframework.test.context.support.AnnotationConfigContextLoaderUtils -- Could not detect default configuration classes for test class [com.microlearning.todo.user.UserControllerTest]: UserControllerTest does not declare any static, non-private, non-final, nested classes annotated with @Configuration.
23:26:43.982 [main] INFO org.springframework.boot.test.context.SpringBootTestContextBootstrapper -- Found @SpringBootConfiguration com.microlearning.todo.TodoApplication for test class com.microlearning.todo.user.UserControllerTest

  .   ____          _            __ _ _
 /\\ / ___'_ __ _ _(_)_ __  __ _ \ \ \ \
( ( )\___ | '_ | '_| | '_ \/ _` | \ \ \ \
 \\/  ___)| |_)| | | | | || (_| |  ) ) ) )
  '  |____| .__|_| |_|_| |_\__, | / / / /
 =========|_|==============|___/=/_/_/_/

 :: Spring Boot ::                (v3.4.5)

2026-06-30T23:26:44.656+05:30  INFO 22960 --- [todo-monolith] [           main] c.m.todo.user.UserControllerTest         : Starting UserControllerTest using Java 25.0.3 with PID 22960 (started by ShrikantThakre in C:\Users\ShrikantThakre\Desktop\Microservices\todo-monolith)
2026-06-30T23:26:44.657+05:30 DEBUG 22960 --- [todo-monolith] [           main] c.m.todo.user.UserControllerTest         : Running with Spring Boot v3.4.5, Spring v6.2.6
2026-06-30T23:26:44.658+05:30  INFO 22960 --- [todo-monolith] [           main] c.m.todo.user.UserControllerTest         : No active profile set, falling back to 1 default profile: "default"
2026-06-30T23:26:46.104+05:30  INFO 22960 --- [todo-monolith] [           main] .s.d.r.c.RepositoryConfigurationDelegate : Bootstrapping Spring Data JPA repositories in DEFAULT mode.
2026-06-30T23:26:46.205+05:30  INFO 22960 --- [todo-monolith] [           main] .s.d.r.c.RepositoryConfigurationDelegate : Finished Spring Data repository scanning in 79 ms. Found 2 JPA repository interfaces.
2026-06-30T23:26:47.304+05:30  INFO 22960 --- [todo-monolith] [           main] o.hibernate.jpa.internal.util.LogHelper  : HHH000204: Processing PersistenceUnitInfo [name: default]
2026-06-30T23:26:47.405+05:30  INFO 22960 --- [todo-monolith] [           main] org.hibernate.Version                    : HHH000412: Hibernate ORM core version 6.6.13.Final
2026-06-30T23:26:47.453+05:30  INFO 22960 --- [todo-monolith] [           main] o.h.c.internal.RegionFactoryInitiator    : HHH000026: Second-level cache disabled
2026-06-30T23:26:47.957+05:30  INFO 22960 --- [todo-monolith] [           main] o.s.o.j.p.SpringPersistenceUnitInfo      : No LoadTimeWeaver setup: ignoring JPA class transformer
2026-06-30T23:26:47.996+05:30  INFO 22960 --- [todo-monolith] [           main] com.zaxxer.hikari.HikariDataSource       : HikariPool-1 - Starting...
2026-06-30T23:26:48.330+05:30  INFO 22960 --- [todo-monolith] [           main] com.zaxxer.hikari.pool.HikariPool        : HikariPool-1 - Added connection conn0: url=jdbc:h2:mem:tododb user=SA
2026-06-30T23:26:48.333+05:30  INFO 22960 --- [todo-monolith] [           main] com.zaxxer.hikari.HikariDataSource       : HikariPool-1 - Start completed.
2026-06-30T23:26:48.374+05:30  WARN 22960 --- [todo-monolith] [           main] org.hibernate.orm.deprecation            : HHH90000025: H2Dialect does not need to be specified explicitly using 'hibernate.dialect' (remove the property setting and it will be selected by default)
2026-06-30T23:26:48.402+05:30  INFO 22960 --- [todo-monolith] [           main] org.hibernate.orm.connections.pooling    : HHH10001005: Database info:
	Database JDBC URL [Connecting through datasource 'HikariDataSource (HikariPool-1)']
	Database driver: undefined/unknown
	Database version: 2.3.232
	Autocommit mode: undefined/unknown
	Isolation level: undefined/unknown
	Minimum pool size: undefined/unknown
	Maximum pool size: undefined/unknown
2026-06-30T23:26:49.717+05:30  INFO 22960 --- [todo-monolith] [           main] o.h.e.t.j.p.i.JtaPlatformInitiator       : HHH000489: No JTA platform available (set 'hibernate.transaction.jta.platform' to enable JTA platform integration)
Hibernate: 
    drop table if exists todos cascade 
Hibernate: 
    drop table if exists users cascade 
Hibernate: 
    create table todos (
        completed boolean not null,
        completed_at timestamp(6),
        created_at timestamp(6) not null,
        id bigint generated by default as identity,
        user_id bigint not null,
        description varchar(255),
        title varchar(255) not null,
        primary key (id)
    )
Hibernate: 
    create table users (
        created_at timestamp(6) not null,
        id bigint generated by default as identity,
        email varchar(255) not null unique,
        name varchar(255) not null,
        primary key (id)
    )
Hibernate: 
    alter table if exists todos 
       add constraint FK9605g76a1dggbvs18f2r80gvu 
       foreign key (user_id) 
       references users
2026-06-30T23:26:49.807+05:30  INFO 22960 --- [todo-monolith] [           main] j.LocalContainerEntityManagerFactoryBean : Initialized JPA EntityManagerFactory for persistence unit 'default'
2026-06-30T23:26:51.183+05:30  WARN 22960 --- [todo-monolith] [           main] JpaBaseConfiguration$JpaWebConfiguration : spring.jpa.open-in-view is enabled by default. Therefore, database queries may be performed during view rendering. Explicitly configure spring.jpa.open-in-view to disable this warning
2026-06-30T23:26:52.548+05:30  INFO 22960 --- [todo-monolith] [           main] o.s.b.a.h2.H2ConsoleAutoConfiguration    : H2 console available at '/h2-console'. Database available at 'jdbc:h2:mem:tododb'
2026-06-30T23:26:52.667+05:30  INFO 22960 --- [todo-monolith] [           main] o.s.b.t.m.w.SpringBootMockServletContext : Initializing Spring TestDispatcherServlet ''
2026-06-30T23:26:52.668+05:30  INFO 22960 --- [todo-monolith] [           main] o.s.t.web.servlet.TestDispatcherServlet  : Initializing Servlet ''
2026-06-30T23:26:52.686+05:30  INFO 22960 --- [todo-monolith] [           main] o.s.b.a.e.web.EndpointLinksResolver      : Exposing 3 endpoints beneath base path '/actuator'
2026-06-30T23:26:52.715+05:30  INFO 22960 --- [todo-monolith] [           main] o.s.t.web.servlet.TestDispatcherServlet  : Completed initialization in 47 ms
2026-06-30T23:26:52.872+05:30  INFO 22960 --- [todo-monolith] [           main] c.m.todo.user.UserControllerTest         : Started UserControllerTest in 8.711 seconds (process running for 10.228)
2026-06-30T23:26:53.826+05:30  WARN 22960 --- [todo-monolith] [           main] c.m.todo.common.GlobalExceptionHandler   : Validation failed: {name=Name is required, email=Must be a valid email}
]]></system-out>
    <system-err><![CDATA[Mockito is currently self-attaching to enable the inline-mock-maker. This will no longer work in future releases of the JDK. Please add Mockito as an agent to your build what is described in Mockito's documentation: https://javadoc.io/doc/org.mockito/mockito-core/latest/org/mockito/Mockito.html#0.3
WARNING: A Java agent has been loaded dynamically (C:\Users\ShrikantThakre\.m2\repository\net\bytebuddy\byte-buddy-agent\1.15.11\byte-buddy-agent-1.15.11.jar)
WARNING: If a serviceability tool is in use, please run with -XX:+EnableDynamicAgentLoading to hide this warning
WARNING: If a serviceability tool is not in use, please run with -Djdk.instrument.traceUsage for more information
WARNING: Dynamic loading of agents will be disallowed by default in a future release
]]></system-err>
  </testcase>
  <testcase name="createUser_duplicateEmail_returns409" classname="com.microlearning.todo.user.UserControllerTest" time="0.344">
    <system-out><![CDATA[Hibernate: 
    select
        u1_0.id 
    from
        users u1_0 
    where
        u1_0.email=? 
    fetch
        first ? rows only
Hibernate: 
    insert 
    into
        users
        (created_at, email, name, id) 
    values
        (?, ?, ?, default)
2026-06-30T23:26:54.203+05:30  INFO 22960 --- [todo-monolith] [           main] c.microlearning.todo.user.UserService    : User created with id=1
2026-06-30T23:26:54.204+05:30  INFO 22960 --- [todo-monolith] [           main] c.m.t.notification.NotificationService   : [NOTIFICATION] Sending welcome email to Bob Jones <bob@example.com>
Hibernate: 
    select
        u1_0.id 
    from
        users u1_0 
    where
        u1_0.email=? 
    fetch
        first ? rows only
2026-06-30T23:26:54.238+05:30  WARN 22960 --- [todo-monolith] [           main] c.m.todo.common.GlobalExceptionHandler   : IllegalArgumentException: Email already registered: bob@example.com
]]></system-out>
  </testcase>
  <testcase name="createUser_success" classname="com.microlearning.todo.user.UserControllerTest" time="0.106">
    <system-out><![CDATA[Hibernate: 
    select
        u1_0.id 
    from
        users u1_0 
    where
        u1_0.email=? 
    fetch
        first ? rows only
Hibernate: 
    insert 
    into
        users
        (created_at, email, name, id) 
    values
        (?, ?, ?, default)
2026-06-30T23:26:54.268+05:30  INFO 22960 --- [todo-monolith] [           main] c.microlearning.todo.user.UserService    : User created with id=2
2026-06-30T23:26:54.269+05:30  INFO 22960 --- [todo-monolith] [           main] c.m.t.notification.NotificationService   : [NOTIFICATION] Sending welcome email to Alice Smith <alice@example.com>
]]></system-out>
  </testcase>
</testsuite>